
  .   ____          _            __ _ _
 /\\ / ___'_ __ _ _(_)_ __  __ _ \ \ \ \
( ( )\___ | '_ | '_| | '_ \/ _` | \ \ \ \
 \\/  ___)| |_)| | | | | || (_| |  ) ) ) )
  '  |____| .__|_| |_|_| |_\__, | / / / /
 =========|_|==============|___/=/_/_/_/

 :: Spring Boot ::                (v4.0.5)

2026-04-23T04:40:30.572Z  INFO 740576 --- [resource-serv] [           main] c.f.r.ResourceServApplication            : Starting ResourceServApplication v0.0.1-SNAPSHOT using Java 25.0.2 with PID 740576 (/root/resurce-serv/resource-serv/target/resource-serv-0.0.1-SNAPSHOT.jar started by root in /root/resurce-serv/resource-serv)
2026-04-23T04:40:30.587Z  INFO 740576 --- [resource-serv] [           main] c.f.r.ResourceServApplication            : No active profile set, falling back to 1 default profile: "default"
2026-04-23T04:40:34.061Z  INFO 740576 --- [resource-serv] [           main] .s.d.r.c.RepositoryConfigurationDelegate : Bootstrapping Spring Data JPA repositories in DEFAULT mode.
2026-04-23T04:40:34.295Z  INFO 740576 --- [resource-serv] [           main] .s.d.r.c.RepositoryConfigurationDelegate : Finished Spring Data repository scanning in 198 ms. Found 1 JPA repository interface.
2026-04-23T04:40:37.290Z  INFO 740576 --- [resource-serv] [           main] o.s.boot.tomcat.TomcatWebServer          : Tomcat initialized with port 8081 (http)
2026-04-23T04:40:37.358Z  INFO 740576 --- [resource-serv] [           main] o.apache.catalina.core.StandardService   : Starting service [Tomcat]
2026-04-23T04:40:37.360Z  INFO 740576 --- [resource-serv] [           main] o.apache.catalina.core.StandardEngine    : Starting Servlet engine: [Apache Tomcat/11.0.20]
2026-04-23T04:40:37.737Z  INFO 740576 --- [resource-serv] [           main] b.w.c.s.WebApplicationContextInitializer : Root WebApplicationContext: initialization completed in 6850 ms
2026-04-23T04:40:39.445Z  INFO 740576 --- [resource-serv] [           main] org.hibernate.orm.jpa                    : HHH008540: Processing PersistenceUnitInfo [name: default]
2026-04-23T04:40:39.704Z  INFO 740576 --- [resource-serv] [           main] org.hibernate.orm.core                   : HHH000001: Hibernate ORM core version 7.2.7.Final
2026-04-23T04:40:42.155Z  INFO 740576 --- [resource-serv] [           main] o.s.o.j.p.SpringPersistenceUnitInfo      : No LoadTimeWeaver setup: ignoring JPA class transformer
2026-04-23T04:40:42.307Z  INFO 740576 --- [resource-serv] [           main] com.zaxxer.hikari.HikariDataSource       : HikariPool-1 - Starting...
2026-04-23T04:40:43.269Z  INFO 740576 --- [resource-serv] [           main] com.zaxxer.hikari.pool.HikariPool        : HikariPool-1 - Added connection org.postgresql.jdbc.PgConnection@7816454d
2026-04-23T04:40:43.275Z  INFO 740576 --- [resource-serv] [           main] com.zaxxer.hikari.HikariDataSource       : HikariPool-1 - Start completed.
2026-04-23T04:40:43.660Z  INFO 740576 --- [resource-serv] [           main] org.hibernate.orm.connections.pooling    : HHH10001005: Database info:
	Database JDBC URL [jdbc:postgresql://localhost:5432/resource]
	Database driver: PostgreSQL JDBC Driver
	Database dialect: PostgreSQLDialect
	Database version: 16.13
	Default catalog/schema: resource/public
	Autocommit mode: undefined/unknown
	Isolation level: READ_COMMITTED [default READ_COMMITTED]
	JDBC fetch size: none
	Pool: DataSourceConnectionProvider
	Minimum pool size: undefined/unknown
	Maximum pool size: undefined/unknown
2026-04-23T04:40:48.453Z  INFO 740576 --- [resource-serv] [           main] org.hibernate.orm.core                   : HHH000489: No JTA platform available (set 'hibernate.transaction.jta.platform' to enable JTA platform integration)
Hibernate: alter table if exists notes alter column id set data type bigint
2026-04-23T04:40:48.688Z  INFO 740576 --- [resource-serv] [           main] j.LocalContainerEntityManagerFactoryBean : Initialized JPA EntityManagerFactory for persistence unit 'default'
2026-04-23T04:40:49.132Z  INFO 740576 --- [resource-serv] [           main] o.s.d.j.r.query.QueryEnhancerFactories   : Hibernate is in classpath; If applicable, HQL parser will be used.
2026-04-23T04:40:52.389Z  WARN 740576 --- [resource-serv] [           main] .s.a.UserDetailsServiceAutoConfiguration : 

Using generated security password: cd634b89-a79e-44dd-9d4b-bca46273f3d3

This generated password is for development use only. Your security configuration must be updated before running your application in production.

2026-04-23T04:40:52.424Z  INFO 740576 --- [resource-serv] [           main] r$InitializeUserDetailsManagerConfigurer : Global AuthenticationManager configured with UserDetailsService bean with name inMemoryUserDetailsManager
2026-04-23T04:40:53.167Z  INFO 740576 --- [resource-serv] [           main] o.s.b.w.a.WelcomePageHandlerMapping      : Adding welcome page: class path resource [static/index.html]
2026-04-23T04:40:54.223Z  INFO 740576 --- [resource-serv] [           main] o.s.boot.tomcat.TomcatWebServer          : Tomcat started on port 8081 (http) with context path '/'
2026-04-23T04:40:54.249Z  INFO 740576 --- [resource-serv] [           main] c.f.r.ResourceServApplication            : Started ResourceServApplication in 26.02 seconds (process running for 28.639)
2026-04-23T04:42:05.276Z  INFO 740576 --- [resource-serv] [nio-8081-exec-1] o.a.c.c.C.[Tomcat].[localhost].[/]       : Initializing Spring DispatcherServlet 'dispatcherServlet'
2026-04-23T04:42:05.276Z  INFO 740576 --- [resource-serv] [nio-8081-exec-1] o.s.web.servlet.DispatcherServlet        : Initializing Servlet 'dispatcherServlet'
2026-04-23T04:42:05.281Z  INFO 740576 --- [resource-serv] [nio-8081-exec-1] o.s.web.servlet.DispatcherServlet        : Completed initialization in 4 ms
Hibernate: insert into notes (content,created_at,owner_email,title,update_at) values (?,?,?,?,?)
