
  .   ____          _            __ _ _
 /\\ / ___'_ __ _ _(_)_ __  __ _ \ \ \ \
( ( )\___ | '_ | '_| | '_ \/ _` | \ \ \ \
 \\/  ___)| |_)| | | | | || (_| |  ) ) ) )
  '  |____| .__|_| |_|_| |_\__, | / / / /
 =========|_|==============|___/=/_/_/_/

 :: Spring Boot ::                (v4.0.5)

2026-04-23T04:51:43.778Z  INFO 751922 --- [registration-serv] [           main] c.f.r.RegistrationServApplication        : Starting RegistrationServApplication v0.0.1-SNAPSHOT using Java 25.0.2 with PID 751922 (/root/resurce-serv/registration-serv/target/registration-serv-0.0.1-SNAPSHOT.jar started by root in /root/resurce-serv/registration-serv)
2026-04-23T04:51:43.796Z  INFO 751922 --- [registration-serv] [           main] c.f.r.RegistrationServApplication        : No active profile set, falling back to 1 default profile: "default"
2026-04-23T04:51:49.890Z  INFO 751922 --- [registration-serv] [           main] .s.d.r.c.RepositoryConfigurationDelegate : Bootstrapping Spring Data JPA repositories in DEFAULT mode.
2026-04-23T04:51:50.307Z  INFO 751922 --- [registration-serv] [           main] .s.d.r.c.RepositoryConfigurationDelegate : Finished Spring Data repository scanning in 352 ms. Found 1 JPA repository interface.
2026-04-23T04:51:54.960Z  INFO 751922 --- [registration-serv] [           main] o.s.boot.tomcat.TomcatWebServer          : Tomcat initialized with port 8082 (http)
2026-04-23T04:51:55.033Z  INFO 751922 --- [registration-serv] [           main] o.apache.catalina.core.StandardService   : Starting service [Tomcat]
2026-04-23T04:51:55.039Z  INFO 751922 --- [registration-serv] [           main] o.apache.catalina.core.StandardEngine    : Starting Servlet engine: [Apache Tomcat/11.0.20]
2026-04-23T04:51:55.443Z  INFO 751922 --- [registration-serv] [           main] b.w.c.s.WebApplicationContextInitializer : Root WebApplicationContext: initialization completed in 11272 ms
2026-04-23T04:51:57.684Z  INFO 751922 --- [registration-serv] [           main] org.hibernate.orm.jpa                    : HHH008540: Processing PersistenceUnitInfo [name: default]
2026-04-23T04:51:58.000Z  INFO 751922 --- [registration-serv] [           main] org.hibernate.orm.core                   : HHH000001: Hibernate ORM core version 7.2.7.Final
2026-04-23T04:52:01.379Z  INFO 751922 --- [registration-serv] [           main] o.s.o.j.p.SpringPersistenceUnitInfo      : No LoadTimeWeaver setup: ignoring JPA class transformer
2026-04-23T04:52:01.738Z  INFO 751922 --- [registration-serv] [           main] com.zaxxer.hikari.HikariDataSource       : HikariPool-1 - Starting...
2026-04-23T04:52:03.369Z  INFO 751922 --- [registration-serv] [           main] com.zaxxer.hikari.pool.HikariPool        : HikariPool-1 - Added connection org.postgresql.jdbc.PgConnection@341964d0
2026-04-23T04:52:03.389Z  INFO 751922 --- [registration-serv] [           main] com.zaxxer.hikari.HikariDataSource       : HikariPool-1 - Start completed.
2026-04-23T04:52:04.252Z  INFO 751922 --- [registration-serv] [           main] org.hibernate.orm.connections.pooling    : HHH10001005: Database info:
	Database JDBC URL [jdbc:postgresql://localhost:5432/auth]
	Database driver: PostgreSQL JDBC Driver
	Database dialect: PostgreSQLDialect
	Database version: 16.13
	Default catalog/schema: auth/public
	Autocommit mode: undefined/unknown
	Isolation level: READ_COMMITTED [default READ_COMMITTED]
	JDBC fetch size: none
	Pool: DataSourceConnectionProvider
	Minimum pool size: undefined/unknown
	Maximum pool size: undefined/unknown
2026-04-23T04:52:15.701Z  INFO 751922 --- [registration-serv] [           main] org.hibernate.orm.core                   : HHH000489: No JTA platform available (set 'hibernate.transaction.jta.platform' to enable JTA platform integration)
2026-04-23T04:52:16.029Z  INFO 751922 --- [registration-serv] [           main] j.LocalContainerEntityManagerFactoryBean : Initialized JPA EntityManagerFactory for persistence unit 'default'
2026-04-23T04:52:16.737Z  INFO 751922 --- [registration-serv] [           main] o.s.d.j.r.query.QueryEnhancerFactories   : Hibernate is in classpath; If applicable, HQL parser will be used.
2026-04-23T04:52:18.044Z  WARN 751922 --- [registration-serv] [           main] JpaBaseConfiguration$JpaWebConfiguration : spring.jpa.open-in-view is enabled by default. Therefore, database queries may be performed during view rendering. Explicitly configure spring.jpa.open-in-view to disable this warning
2026-04-23T04:52:18.666Z  WARN 751922 --- [registration-serv] [           main] .s.a.UserDetailsServiceAutoConfiguration : 

Using generated security password: 0d85b8b3-b364-43a2-95e7-f134acae68c5

This generated password is for development use only. Your security configuration must be updated before running your application in production.

2026-04-23T04:52:18.758Z  INFO 751922 --- [registration-serv] [           main] r$InitializeUserDetailsManagerConfigurer : Global AuthenticationManager configured with UserDetailsService bean with name inMemoryUserDetailsManager
2026-04-23T04:52:20.420Z  INFO 751922 --- [registration-serv] [           main] o.s.b.w.a.WelcomePageHandlerMapping      : Adding welcome page: class path resource [static/index.html]
2026-04-23T04:52:23.209Z  INFO 751922 --- [registration-serv] [           main] o.s.boot.tomcat.TomcatWebServer          : Tomcat started on port 8082 (http) with context path '/'
2026-04-23T04:52:23.299Z  INFO 751922 --- [registration-serv] [           main] c.f.r.RegistrationServApplication        : Started RegistrationServApplication in 42.268 seconds (process running for 45.245)
2026-04-23T04:52:28.548Z  INFO 751922 --- [registration-serv] [nio-8082-exec-1] o.a.c.c.C.[Tomcat].[localhost].[/]       : Initializing Spring DispatcherServlet 'dispatcherServlet'
2026-04-23T04:52:28.554Z  INFO 751922 --- [registration-serv] [nio-8082-exec-1] o.s.web.servlet.DispatcherServlet        : Initializing Servlet 'dispatcherServlet'
2026-04-23T04:52:28.566Z  INFO 751922 --- [registration-serv] [nio-8082-exec-1] o.s.web.servlet.DispatcherServlet        : Completed initialization in 4 ms
Hibernate: select u1_0.id from users u1_0 where u1_0.email=? fetch first ? rows only
Hibernate: insert into users (created_at,email,password,totp_enabled,totp_secret) values (?,?,?,?,?)
